<?xml version="1.0" encoding="UTF-8"?>
<testng-results ignored="0" total="2" passed="2" failed="0" skipped="0">
  <reporter-output>
  </reporter-output>
  <suite started-at="2023-03-22T06:06:35Z" name="Default suite" finished-at="2023-03-22T06:07:02Z" duration-ms="27495">
    <groups>
      <group name="cucumber">
        <method signature="AbstractTestNGCucumberTests.runScenario(io.cucumber.testng.PickleEventWrapper, io.cucumber.testng.CucumberFeatureWrapper)[pri:0, instance:com.runner.TestRunner@5c7933ad]" name="runScenario" class="io.cucumber.testng.AbstractTestNGCucumberTests"/>
      </group> <!-- cucumber -->
    </groups>
    <test started-at="2023-03-22T06:06:35Z" name="Default test" finished-at="2023-03-22T06:07:02Z" duration-ms="27495">
      <class name="com.runner.TestRunner">
        <test-method is-config="true" signature="setUpClass()[pri:0, instance:com.runner.TestRunner@5c7933ad]" started-at="2023-03-22T06:06:35Z" name="setUpClass" finished-at="2023-03-22T06:06:35Z" duration-ms="277" status="PASS">
          <reporter-output>
          </reporter-output>
        </test-method> <!-- setUpClass -->
        <test-method signature="runScenario(io.cucumber.testng.PickleEventWrapper, io.cucumber.testng.CucumberFeatureWrapper)[pri:0, instance:com.runner.TestRunner@5c7933ad]" started-at="2023-03-22T06:06:35Z" name="runScenario" description="Runs Cucumber Scenarios" data-provider="scenarios" finished-at="2023-03-22T06:06:53Z" duration-ms="17542" status="PASS">
          <params>
            <param index="0">
              <value>
                <![CDATA["fb page title validation"]]>
              </value>
            </param>
            <param index="1">
              <value>
                <![CDATA["facebook page validation"]]>
              </value>
            </param>
          </params>
          <reporter-output>
          </reporter-output>
        </test-method> <!-- runScenario -->
        <test-method signature="runScenario(io.cucumber.testng.PickleEventWrapper, io.cucumber.testng.CucumberFeatureWrapper)[pri:0, instance:com.runner.TestRunner@5c7933ad]" started-at="2023-03-22T06:06:53Z" name="runScenario" description="Runs Cucumber Scenarios" data-provider="scenarios" finished-at="2023-03-22T06:07:02Z" duration-ms="9240" status="PASS">
          <params>
            <param index="0">
              <value>
                <![CDATA["fb page url validation"]]>
              </value>
            </param>
            <param index="1">
              <value>
                <![CDATA["facebook page validation"]]>
              </value>
            </param>
          </params>
          <reporter-output>
          </reporter-output>
        </test-method> <!-- runScenario -->
        <test-method is-config="true" signature="tearDownClass()[pri:0, instance:com.runner.TestRunner@5c7933ad]" started-at="2023-03-22T06:07:02Z" name="tearDownClass" finished-at="2023-03-22T06:07:02Z" duration-ms="297" status="PASS">
          <reporter-output>
          </reporter-output>
        </test-method> <!-- tearDownClass -->
      </class> <!-- com.runner.TestRunner -->
    </test> <!-- Default test -->
  </suite> <!-- Default suite -->
</testng-results>
